{"/Users/leni/Documents/BUT3/TP_NodeJS/apps/realtime-elo-ranker-server/src/app.controller.ts": {"path":"/Users/leni/Documents/BUT3/TP_NodeJS/apps/realtime-elo-ranker-server/src/app.controller.ts","statementMap":{"0":{"start":{"line":1,"column":0},"end":{"line":1,"column":49}},"1":{"start":{"line":2,"column":0},"end":{"line":2,"column":43}},"2":{"start":{"line":5,"column":7},"end":{"line":12,"column":null}},"3":{"start":{"line":6,"column":31},"end":{"line":6,"column":43}},"4":{"start":{"line":10,"column":4},"end":{"line":10,"column":38}},"5":{"start":{"line":5,"column":13},"end":{"line":5,"column":26}},"6":{"start":{"line":9,"column":2},"end":{"line":11,"column":null}},"7":{"start":{"line":5,"column":13},"end":{"line":12,"column":null}}},"fnMap":{"0":{"name":"(anonymous_2)","decl":{"start":{"line":6,"column":2},"end":{"line":6,"column":31}},"loc":{"start":{"line":6,"column":53},"end":{"line":6,"column":57}}},"1":{"name":"(anonymous_3)","decl":{"start":{"line":9,"column":2},"end":{"line":9,"column":10}},"loc":{"start":{"line":9,"column":10},"end":{"line":11,"column":3}}}},"branchMap":{},"s":{"0":1,"1":1,"2":1,"3":1,"4":1,"5":1,"6":1,"7":1},"f":{"0":1,"1":1},"b":{}}
,"/Users/leni/Documents/BUT3/TP_NodeJS/apps/realtime-elo-ranker-server/src/app.module.ts": {"path":"/Users/leni/Documents/BUT3/TP_NodeJS/apps/realtime-elo-ranker-server/src/app.module.ts","statementMap":{"0":{"start":{"line":1,"column":0},"end":{"line":1,"column":40}},"1":{"start":{"line":2,"column":0},"end":{"line":2,"column":54}},"2":{"start":{"line":3,"column":0},"end":{"line":3,"column":51}},"3":{"start":{"line":4,"column":0},"end":{"line":4,"column":57}},"4":{"start":{"line":5,"column":0},"end":{"line":5,"column":58}},"5":{"start":{"line":10,"column":7},"end":{"line":10,"column":null}},"6":{"start":{"line":10,"column":13},"end":{"line":10,"column":22}},"7":{"start":{"line":10,"column":13},"end":{"line":10,"column":null}}},"fnMap":{},"branchMap":{},"s":{"0":0,"1":0,"2":0,"3":0,"4":0,"5":0,"6":0,"7":0},"f":{},"b":{}}
,"/Users/leni/Documents/BUT3/TP_NodeJS/apps/realtime-elo-ranker-server/src/app.service.ts": {"path":"/Users/leni/Documents/BUT3/TP_NodeJS/apps/realtime-elo-ranker-server/src/app.service.ts","statementMap":{"0":{"start":{"line":1,"column":0},"end":{"line":1,"column":44}},"1":{"start":{"line":4,"column":7},"end":{"line":8,"column":null}},"2":{"start":{"line":6,"column":4},"end":{"line":6,"column":26}},"3":{"start":{"line":4,"column":13},"end":{"line":4,"column":23}},"4":{"start":{"line":4,"column":13},"end":{"line":8,"column":null}}},"fnMap":{"0":{"name":"(anonymous_1)","decl":{"start":{"line":5,"column":2},"end":{"line":5,"column":10}},"loc":{"start":{"line":5,"column":10},"end":{"line":7,"column":3}}}},"branchMap":{},"s":{"0":1,"1":1,"2":1,"3":1,"4":1},"f":{"0":1},"b":{}}
,"/Users/leni/Documents/BUT3/TP_NodeJS/apps/realtime-elo-ranker-server/src/main.ts": {"path":"/Users/leni/Documents/BUT3/TP_NodeJS/apps/realtime-elo-ranker-server/src/main.ts","statementMap":{"0":{"start":{"line":1,"column":0},"end":{"line":1,"column":43}},"1":{"start":{"line":2,"column":0},"end":{"line":2,"column":41}},"2":{"start":{"line":5,"column":14},"end":{"line":5,"column":49}},"3":{"start":{"line":6,"column":2},"end":{"line":6,"column":19}},"4":{"start":{"line":7,"column":2},"end":{"line":7,"column":45}},"5":{"start":{"line":11,"column":0},"end":{"line":11,"column":12}}},"fnMap":{"0":{"name":"bootstrap","decl":{"start":{"line":4,"column":15},"end":{"line":4,"column":24}},"loc":{"start":{"line":4,"column":24},"end":{"line":10,"column":1}}}},"branchMap":{"0":{"loc":{"start":{"line":7,"column":19},"end":{"line":7,"column":43}},"type":"binary-expr","locations":[{"start":{"line":7,"column":19},"end":{"line":7,"column":35}},{"start":{"line":7,"column":39},"end":{"line":7,"column":43}}]}},"s":{"0":0,"1":0,"2":0,"3":0,"4":0,"5":0},"f":{"0":0},"b":{"0":[0,0]}}
,"/Users/leni/Documents/BUT3/TP_NodeJS/apps/realtime-elo-ranker-server/src/player.entity.ts": {"path":"/Users/leni/Documents/BUT3/TP_NodeJS/apps/realtime-elo-ranker-server/src/player.entity.ts","statementMap":{"0":{"start":{"line":1,"column":0},"end":{"line":1,"column":65}},"1":{"start":{"line":4,"column":7},"end":{"line":13,"column":null}},"2":{"start":{"line":4,"column":13},"end":{"line":4,"column":19}},"3":{"start":{"line":6,"column":2},"end":{"line":6,"column":null}},"4":{"start":{"line":9,"column":2},"end":{"line":9,"column":null}},"5":{"start":{"line":12,"column":2},"end":{"line":12,"column":null}},"6":{"start":{"line":4,"column":13},"end":{"line":13,"column":null}}},"fnMap":{},"branchMap":{},"s":{"0":0,"1":0,"2":0,"3":0,"4":0,"5":0,"6":0},"f":{},"b":{}}
,"/Users/leni/Documents/BUT3/TP_NodeJS/apps/realtime-elo-ranker-server/src/event-emitter/event-emitter-service.ts": {"path":"/Users/leni/Documents/BUT3/TP_NodeJS/apps/realtime-elo-ranker-server/src/event-emitter/event-emitter-service.ts","statementMap":{"0":{"start":{"line":1,"column":0},"end":{"line":1,"column":44}},"1":{"start":{"line":2,"column":0},"end":{"line":2,"column":46}},"2":{"start":{"line":5,"column":7},"end":{"line":17,"column":null}},"3":{"start":{"line":6,"column":31},"end":{"line":6,"column":45}},"4":{"start":{"line":9,"column":4},"end":{"line":9,"column":53}},"5":{"start":{"line":13,"column":4},"end":{"line":13,"column":29}},"6":{"start":{"line":5,"column":13},"end":{"line":5,"column":32}},"7":{"start":{"line":5,"column":13},"end":{"line":17,"column":null}}},"fnMap":{"0":{"name":"(anonymous_2)","decl":{"start":{"line":6,"column":2},"end":{"line":6,"column":31}},"loc":{"start":{"line":6,"column":58},"end":{"line":6,"column":62}}},"1":{"name":"(anonymous_3)","decl":{"start":{"line":8,"column":2},"end":{"line":8,"column":19}},"loc":{"start":{"line":8,"column":31},"end":{"line":10,"column":3}}},"2":{"name":"(anonymous_4)","decl":{"start":{"line":12,"column":2},"end":{"line":12,"column":12}},"loc":{"start":{"line":12,"column":12},"end":{"line":14,"column":3}}}},"branchMap":{},"s":{"0":9,"1":9,"2":9,"3":0,"4":0,"5":0,"6":9,"7":9},"f":{"0":0,"1":0,"2":0},"b":{}}
,"/Users/leni/Documents/BUT3/TP_NodeJS/apps/realtime-elo-ranker-server/src/event-emitter/event-emitter.module.ts": {"path":"/Users/leni/Documents/BUT3/TP_NodeJS/apps/realtime-elo-ranker-server/src/event-emitter/event-emitter.module.ts","statementMap":{"0":{"start":{"line":1,"column":0},"end":{"line":1,"column":40}},"1":{"start":{"line":2,"column":0},"end":{"line":2,"column":77}},"2":{"start":{"line":8,"column":7},"end":{"line":8,"column":null}},"3":{"start":{"line":8,"column":13},"end":{"line":8,"column":31}},"4":{"start":{"line":8,"column":13},"end":{"line":8,"column":null}}},"fnMap":{},"branchMap":{},"s":{"0":2,"1":2,"2":2,"3":2,"4":2},"f":{},"b":{}}
,"/Users/leni/Documents/BUT3/TP_NodeJS/apps/realtime-elo-ranker-server/src/match/match.controller.ts": {"path":"/Users/leni/Documents/BUT3/TP_NodeJS/apps/realtime-elo-ranker-server/src/match/match.controller.ts","statementMap":{"0":{"start":{"line":1,"column":0},"end":{"line":1,"column":73}},"1":{"start":{"line":2,"column":0},"end":{"line":2,"column":59}},"2":{"start":{"line":7,"column":7},"end":{"line":23,"column":null}},"3":{"start":{"line":8,"column":31},"end":{"line":8,"column":45}},"4":{"start":{"line":12,"column":4},"end":{"line":21,"column":5}},"5":{"start":{"line":13,"column":6},"end":{"line":13,"column":25}},"6":{"start":{"line":14,"column":21},"end":{"line":14,"column":58}},"7":{"start":{"line":15,"column":6},"end":{"line":15,"column":52}},"8":{"start":{"line":17,"column":6},"end":{"line":20,"column":9}},"9":{"start":{"line":7,"column":13},"end":{"line":7,"column":28}},"10":{"start":{"line":11,"column":2},"end":{"line":22,"column":null}},"11":{"start":{"line":7,"column":13},"end":{"line":23,"column":null}}},"fnMap":{"0":{"name":"(anonymous_4)","decl":{"start":{"line":8,"column":2},"end":{"line":8,"column":31}},"loc":{"start":{"line":8,"column":57},"end":{"line":8,"column":61}}},"1":{"name":"(anonymous_5)","decl":{"start":{"line":11,"column":2},"end":{"line":11,"column":13}},"loc":{"start":{"line":11,"column":62},"end":{"line":22,"column":3}}}},"branchMap":{},"s":{"0":2,"1":2,"2":2,"3":0,"4":0,"5":0,"6":0,"7":0,"8":0,"9":2,"10":2,"11":2},"f":{"0":0,"1":0},"b":{}}
,"/Users/leni/Documents/BUT3/TP_NodeJS/apps/realtime-elo-ranker-server/src/match/match.module.ts": {"path":"/Users/leni/Documents/BUT3/TP_NodeJS/apps/realtime-elo-ranker-server/src/match/match.module.ts","statementMap":{"0":{"start":{"line":1,"column":0},"end":{"line":1,"column":40}},"1":{"start":{"line":2,"column":0},"end":{"line":2,"column":47}},"2":{"start":{"line":3,"column":0},"end":{"line":3,"column":53}},"3":{"start":{"line":4,"column":0},"end":{"line":4,"column":55}},"4":{"start":{"line":5,"column":0},"end":{"line":5,"column":58}},"5":{"start":{"line":12,"column":7},"end":{"line":12,"column":null}},"6":{"start":{"line":12,"column":13},"end":{"line":12,"column":24}},"7":{"start":{"line":12,"column":13},"end":{"line":12,"column":null}}},"fnMap":{},"branchMap":{},"s":{"0":1,"1":1,"2":1,"3":1,"4":1,"5":1,"6":1,"7":1},"f":{},"b":{}}
,"/Users/leni/Documents/BUT3/TP_NodeJS/apps/realtime-elo-ranker-server/src/match/match.service.ts": {"path":"/Users/leni/Documents/BUT3/TP_NodeJS/apps/realtime-elo-ranker-server/src/match/match.service.ts","statementMap":{"0":{"start":{"line":1,"column":0},"end":{"line":1,"column":44}},"1":{"start":{"line":2,"column":0},"end":{"line":2,"column":64}},"2":{"start":{"line":3,"column":0},"end":{"line":3,"column":60}},"3":{"start":{"line":12,"column":7},"end":{"line":21,"column":null}},"4":{"start":{"line":14,"column":21},"end":{"line":14,"column":36}},"5":{"start":{"line":15,"column":21},"end":{"line":15,"column":37}},"6":{"start":{"line":19,"column":4},"end":{"line":19,"column":52}},"7":{"start":{"line":12,"column":13},"end":{"line":12,"column":25}},"8":{"start":{"line":12,"column":13},"end":{"line":21,"column":null}}},"fnMap":{"0":{"name":"(anonymous_2)","decl":{"start":{"line":13,"column":2},"end":{"line":13,"column":null}},"loc":{"start":{"line":15,"column":51},"end":{"line":16,"column":6}}},"1":{"name":"(anonymous_3)","decl":{"start":{"line":18,"column":2},"end":{"line":18,"column":14}},"loc":{"start":{"line":18,"column":33},"end":{"line":20,"column":3}}}},"branchMap":{},"s":{"0":3,"1":3,"2":3,"3":3,"4":2,"5":2,"6":1,"7":3,"8":3},"f":{"0":2,"1":1},"b":{}}
,"/Users/leni/Documents/BUT3/TP_NodeJS/apps/realtime-elo-ranker-server/src/player/player.controller.ts": {"path":"/Users/leni/Documents/BUT3/TP_NodeJS/apps/realtime-elo-ranker-server/src/player/player.controller.ts","statementMap":{"0":{"start":{"line":1,"column":0},"end":{"line":1,"column":56}},"1":{"start":{"line":2,"column":0},"end":{"line":2,"column":49}},"2":{"start":{"line":5,"column":7},"end":{"line":16,"column":null}},"3":{"start":{"line":6,"column":31},"end":{"line":6,"column":46}},"4":{"start":{"line":10,"column":19},"end":{"line":10,"column":79}},"5":{"start":{"line":11,"column":4},"end":{"line":13,"column":5}},"6":{"start":{"line":12,"column":6},"end":{"line":12,"column":57}},"7":{"start":{"line":14,"column":4},"end":{"line":14,"column":48}},"8":{"start":{"line":5,"column":13},"end":{"line":5,"column":29}},"9":{"start":{"line":9,"column":2},"end":{"line":15,"column":null}},"10":{"start":{"line":5,"column":13},"end":{"line":16,"column":null}}},"fnMap":{"0":{"name":"(anonymous_4)","decl":{"start":{"line":6,"column":2},"end":{"line":6,"column":31}},"loc":{"start":{"line":6,"column":59},"end":{"line":6,"column":63}}},"1":{"name":"(anonymous_5)","decl":{"start":{"line":9,"column":2},"end":{"line":9,"column":11}},"loc":{"start":{"line":9,"column":60},"end":{"line":15,"column":3}}}},"branchMap":{"0":{"loc":{"start":{"line":11,"column":4},"end":{"line":13,"column":5}},"type":"if","locations":[{"start":{"line":11,"column":4},"end":{"line":13,"column":5}}]}},"s":{"0":4,"1":4,"2":4,"3":3,"4":2,"5":2,"6":1,"7":1,"8":4,"9":4,"10":4},"f":{"0":3,"1":2},"b":{"0":[1]}}
,"/Users/leni/Documents/BUT3/TP_NodeJS/apps/realtime-elo-ranker-server/src/player/player.module.ts": {"path":"/Users/leni/Documents/BUT3/TP_NodeJS/apps/realtime-elo-ranker-server/src/player/player.module.ts","statementMap":{"0":{"start":{"line":1,"column":0},"end":{"line":1,"column":40}},"1":{"start":{"line":2,"column":0},"end":{"line":2,"column":49}},"2":{"start":{"line":3,"column":0},"end":{"line":3,"column":55}},"3":{"start":{"line":4,"column":0},"end":{"line":4,"column":77}},"4":{"start":{"line":13,"column":7},"end":{"line":13,"column":null}},"5":{"start":{"line":13,"column":13},"end":{"line":13,"column":25}},"6":{"start":{"line":13,"column":13},"end":{"line":13,"column":null}}},"fnMap":{},"branchMap":{},"s":{"0":3,"1":3,"2":3,"3":3,"4":3,"5":3,"6":3},"f":{},"b":{}}
,"/Users/leni/Documents/BUT3/TP_NodeJS/apps/realtime-elo-ranker-server/src/player/player.service.ts": {"path":"/Users/leni/Documents/BUT3/TP_NodeJS/apps/realtime-elo-ranker-server/src/player/player.service.ts","statementMap":{"0":{"start":{"line":1,"column":0},"end":{"line":1,"column":44}},"1":{"start":{"line":2,"column":0},"end":{"line":2,"column":77}},"2":{"start":{"line":10,"column":7},"end":{"line":33,"column":null}},"3":{"start":{"line":11,"column":33},"end":{"line":11,"column":47}},"4":{"start":{"line":12,"column":12},"end":{"line":12,"column":35}},"5":{"start":{"line":16,"column":31},"end":{"line":16,"column":68}},"6":{"start":{"line":16,"column":56},"end":{"line":16,"column":67}},"7":{"start":{"line":17,"column":8},"end":{"line":22,"column":9}},"8":{"start":{"line":18,"column":27},"end":{"line":18,"column":39}},"9":{"start":{"line":19,"column":12},"end":{"line":19,"column":38}},"10":{"start":{"line":20,"column":12},"end":{"line":20,"column":74}},"11":{"start":{"line":21,"column":12},"end":{"line":21,"column":26}},"12":{"start":{"line":23,"column":8},"end":{"line":23,"column":20}},"13":{"start":{"line":27,"column":8},"end":{"line":27,"column":28}},"14":{"start":{"line":31,"column":8},"end":{"line":31,"column":53}},"15":{"start":{"line":31,"column":40},"end":{"line":31,"column":51}},"16":{"start":{"line":10,"column":13},"end":{"line":10,"column":26}},"17":{"start":{"line":10,"column":13},"end":{"line":33,"column":null}}},"fnMap":{"0":{"name":"(anonymous_2)","decl":{"start":{"line":11,"column":4},"end":{"line":11,"column":33}},"loc":{"start":{"line":11,"column":66},"end":{"line":11,"column":70}}},"1":{"name":"(anonymous_3)","decl":{"start":{"line":15,"column":4},"end":{"line":15,"column":13}},"loc":{"start":{"line":15,"column":45},"end":{"line":24,"column":5}}},"2":{"name":"(anonymous_4)","decl":{"start":{"line":16,"column":49},"end":{"line":16,"column":50}},"loc":{"start":{"line":16,"column":56},"end":{"line":16,"column":67}}},"3":{"name":"(anonymous_5)","decl":{"start":{"line":26,"column":4},"end":{"line":26,"column":14}},"loc":{"start":{"line":26,"column":14},"end":{"line":28,"column":5}}},"4":{"name":"(anonymous_6)","decl":{"start":{"line":30,"column":4},"end":{"line":30,"column":14}},"loc":{"start":{"line":30,"column":25},"end":{"line":32,"column":5}}},"5":{"name":"(anonymous_7)","decl":{"start":{"line":31,"column":33},"end":{"line":31,"column":34}},"loc":{"start":{"line":31,"column":40},"end":{"line":31,"column":51}}}},"branchMap":{"0":{"loc":{"start":{"line":15,"column":26},"end":{"line":15,"column":45}},"type":"default-arg","locations":[{"start":{"line":15,"column":41},"end":{"line":15,"column":45}}]},"1":{"loc":{"start":{"line":17,"column":8},"end":{"line":22,"column":9}},"type":"if","locations":[{"start":{"line":17,"column":8},"end":{"line":22,"column":9}}]}},"s":{"0":9,"1":9,"2":9,"3":9,"4":9,"5":7,"6":2,"7":7,"8":6,"9":6,"10":6,"11":6,"12":1,"13":1,"14":2,"15":2,"16":9,"17":9},"f":{"0":9,"1":7,"2":2,"3":1,"4":2,"5":2},"b":{"0":[0],"1":[6]}}
,"/Users/leni/Documents/BUT3/TP_NodeJS/apps/realtime-elo-ranker-server/src/ranking/ranking.controller.ts": {"path":"/Users/leni/Documents/BUT3/TP_NodeJS/apps/realtime-elo-ranker-server/src/ranking/ranking.controller.ts","statementMap":{"0":{"start":{"line":1,"column":0},"end":{"line":1,"column":54}},"1":{"start":{"line":2,"column":0},"end":{"line":2,"column":51}},"2":{"start":{"line":3,"column":0},"end":{"line":3,"column":50}},"3":{"start":{"line":4,"column":0},"end":{"line":4,"column":77}},"4":{"start":{"line":9,"column":7},"end":{"line":32,"column":null}},"5":{"start":{"line":10,"column":31},"end":{"line":10,"column":47}},"6":{"start":{"line":11,"column":31},"end":{"line":11,"column":52}},"7":{"start":{"line":16,"column":4},"end":{"line":16,"column":44}},"8":{"start":{"line":21,"column":4},"end":{"line":30,"column":6}},"9":{"start":{"line":23,"column":8},"end":{"line":28,"column":null}},"10":{"start":{"line":9,"column":13},"end":{"line":9,"column":30}},"11":{"start":{"line":15,"column":2},"end":{"line":17,"column":null}},"12":{"start":{"line":20,"column":2},"end":{"line":31,"column":null}},"13":{"start":{"line":9,"column":13},"end":{"line":32,"column":null}}},"fnMap":{"0":{"name":"(anonymous_2)","decl":{"start":{"line":10,"column":2},"end":{"line":10,"column":31}},"loc":{"start":{"line":11,"column":71},"end":{"line":12,"column":6}}},"1":{"name":"(anonymous_3)","decl":{"start":{"line":15,"column":2},"end":{"line":15,"column":12}},"loc":{"start":{"line":15,"column":12},"end":{"line":17,"column":3}}},"2":{"name":"(anonymous_4)","decl":{"start":{"line":20,"column":2},"end":{"line":20,"column":18}},"loc":{"start":{"line":20,"column":18},"end":{"line":31,"column":3}}},"3":{"name":"(anonymous_5)","decl":{"start":{"line":22,"column":10},"end":{"line":22,"column":11}},"loc":{"start":{"line":22,"column":29},"end":{"line":29,"column":7}}}},"branchMap":{},"s":{"0":3,"1":3,"2":3,"3":3,"4":3,"5":0,"6":0,"7":0,"8":0,"9":0,"10":3,"11":3,"12":3,"13":3},"f":{"0":0,"1":0,"2":0,"3":0},"b":{}}
,"/Users/leni/Documents/BUT3/TP_NodeJS/apps/realtime-elo-ranker-server/src/ranking/ranking.module.ts": {"path":"/Users/leni/Documents/BUT3/TP_NodeJS/apps/realtime-elo-ranker-server/src/ranking/ranking.module.ts","statementMap":{"0":{"start":{"line":1,"column":0},"end":{"line":1,"column":40}},"1":{"start":{"line":2,"column":0},"end":{"line":2,"column":51}},"2":{"start":{"line":3,"column":0},"end":{"line":3,"column":57}},"3":{"start":{"line":4,"column":0},"end":{"line":4,"column":55}},"4":{"start":{"line":5,"column":0},"end":{"line":5,"column":75}},"5":{"start":{"line":13,"column":7},"end":{"line":13,"column":null}},"6":{"start":{"line":13,"column":13},"end":{"line":13,"column":26}},"7":{"start":{"line":13,"column":13},"end":{"line":13,"column":null}}},"fnMap":{},"branchMap":{},"s":{"0":2,"1":2,"2":2,"3":2,"4":2,"5":2,"6":2,"7":2},"f":{},"b":{}}
,"/Users/leni/Documents/BUT3/TP_NodeJS/apps/realtime-elo-ranker-server/src/ranking/ranking.service.ts": {"path":"/Users/leni/Documents/BUT3/TP_NodeJS/apps/realtime-elo-ranker-server/src/ranking/ranking.service.ts","statementMap":{"0":{"start":{"line":1,"column":0},"end":{"line":1,"column":44}},"1":{"start":{"line":2,"column":0},"end":{"line":2,"column":65}},"2":{"start":{"line":4,"column":0},"end":{"line":4,"column":31}},"3":{"start":{"line":5,"column":0},"end":{"line":5,"column":77}},"4":{"start":{"line":8,"column":7},"end":{"line":69,"column":null}},"5":{"start":{"line":12,"column":31},"end":{"line":12,"column":46}},"6":{"start":{"line":12,"column":77},"end":{"line":12,"column":91}},"7":{"start":{"line":9,"column":19},"end":{"line":9,"column":26}},"8":{"start":{"line":13,"column":10},"end":{"line":13,"column":51}},"9":{"start":{"line":17,"column":4},"end":{"line":17,"column":80}},"10":{"start":{"line":17,"column":63},"end":{"line":17,"column":78}},"11":{"start":{"line":21,"column":4},"end":{"line":21,"column":46}},"12":{"start":{"line":29,"column":4},"end":{"line":29,"column":69}},"13":{"start":{"line":37,"column":4},"end":{"line":37,"column":74}},"14":{"start":{"line":41,"column":19},"end":{"line":41,"column":62}},"15":{"start":{"line":42,"column":18},"end":{"line":42,"column":60}},"16":{"start":{"line":44,"column":4},"end":{"line":44,"column":74}},"17":{"start":{"line":44,"column":27},"end":{"line":44,"column":74}},"18":{"start":{"line":46,"column":27},"end":{"line":46,"column":79}},"19":{"start":{"line":47,"column":26},"end":{"line":47,"column":44}},"20":{"start":{"line":48,"column":25},"end":{"line":48,"column":45}},"21":{"start":{"line":49,"column":24},"end":{"line":49,"column":44}},"22":{"start":{"line":51,"column":4},"end":{"line":55,"column":6}},"23":{"start":{"line":56,"column":4},"end":{"line":60,"column":6}},"24":{"start":{"line":62,"column":4},"end":{"line":62,"column":66}},"25":{"start":{"line":63,"column":4},"end":{"line":63,"column":65}},"26":{"start":{"line":67,"column":4},"end":{"line":67,"column":29}},"27":{"start":{"line":8,"column":13},"end":{"line":8,"column":27}},"28":{"start":{"line":8,"column":13},"end":{"line":69,"column":null}}},"fnMap":{"0":{"name":"(anonymous_2)","decl":{"start":{"line":12,"column":2},"end":{"line":12,"column":31}},"loc":{"start":{"line":12,"column":110},"end":{"line":12,"column":114}}},"1":{"name":"(anonymous_3)","decl":{"start":{"line":16,"column":2},"end":{"line":16,"column":12}},"loc":{"start":{"line":16,"column":12},"end":{"line":18,"column":3}}},"2":{"name":"(anonymous_4)","decl":{"start":{"line":17,"column":53},"end":{"line":17,"column":54}},"loc":{"start":{"line":17,"column":63},"end":{"line":17,"column":78}}},"3":{"name":"(anonymous_5)","decl":{"start":{"line":20,"column":2},"end":{"line":20,"column":19}},"loc":{"start":{"line":20,"column":19},"end":{"line":22,"column":3}}},"4":{"name":"(anonymous_6)","decl":{"start":{"line":25,"column":10},"end":{"line":25,"column":32}},"loc":{"start":{"line":27,"column":24},"end":{"line":30,"column":3}}},"5":{"name":"(anonymous_7)","decl":{"start":{"line":32,"column":10},"end":{"line":32,"column":28}},"loc":{"start":{"line":35,"column":23},"end":{"line":38,"column":3}}},"6":{"name":"(anonymous_8)","decl":{"start":{"line":40,"column":2},"end":{"line":40,"column":15}},"loc":{"start":{"line":40,"column":34},"end":{"line":68,"column":3}}}},"branchMap":{"0":{"loc":{"start":{"line":44,"column":4},"end":{"line":44,"column":74}},"type":"if","locations":[{"start":{"line":44,"column":4},"end":{"line":44,"column":74}}]},"1":{"loc":{"start":{"line":44,"column":8},"end":{"line":44,"column":25}},"type":"binary-expr","locations":[{"start":{"line":44,"column":8},"end":{"line":44,"column":15}},{"start":{"line":44,"column":19},"end":{"line":44,"column":25}}]},"2":{"loc":{"start":{"line":48,"column":25},"end":{"line":48,"column":45}},"type":"cond-expr","locations":[{"start":{"line":48,"column":38},"end":{"line":48,"column":41}},{"start":{"line":48,"column":44},"end":{"line":48,"column":45}}]},"3":{"loc":{"start":{"line":49,"column":24},"end":{"line":49,"column":44}},"type":"cond-expr","locations":[{"start":{"line":49,"column":37},"end":{"line":49,"column":40}},{"start":{"line":49,"column":43},"end":{"line":49,"column":44}}]}},"s":{"0":6,"1":6,"2":6,"3":6,"4":6,"5":0,"6":0,"7":0,"8":0,"9":0,"10":0,"11":0,"12":0,"13":0,"14":0,"15":0,"16":0,"17":0,"18":0,"19":0,"20":0,"21":0,"22":0,"23":0,"24":0,"25":0,"26":0,"27":6,"28":6},"f":{"0":0,"1":0,"2":0,"3":0,"4":0,"5":0,"6":0},"b":{"0":[0],"1":[0,0],"2":[0,0],"3":[0,0]}}
}
