TN:
SF:src/app.controller.ts
FN:6,(anonymous_2)
FN:9,(anonymous_3)
FNF:2
FNH:2
FNDA:1,(anonymous_2)
FNDA:1,(anonymous_3)
DA:1,1
DA:2,1
DA:5,1
DA:6,1
DA:9,1
DA:10,1
LF:6
LH:6
BRF:0
BRH:0
end_of_record
TN:
SF:src/app.module.ts
FNF:0
FNH:0
DA:1,0
DA:2,0
DA:3,0
DA:4,0
DA:5,0
DA:10,0
LF:6
LH:0
BRF:0
BRH:0
end_of_record
TN:
SF:src/app.service.ts
FN:5,(anonymous_1)
FNF:1
FNH:1
FNDA:1,(anonymous_1)
DA:1,1
DA:4,1
DA:6,1
LF:3
LH:3
BRF:0
BRH:0
end_of_record
TN:
SF:src/main.ts
FN:4,bootstrap
FNF:1
FNH:0
FNDA:0,bootstrap
DA:1,0
DA:2,0
DA:5,0
DA:6,0
DA:7,0
DA:11,0
LF:6
LH:0
BRDA:7,0,0,0
BRDA:7,0,1,0
BRF:2
BRH:0
end_of_record
TN:
SF:src/player.entity.ts
FNF:0
FNH:0
DA:1,0
DA:4,0
DA:6,0
DA:9,0
DA:12,0
LF:5
LH:0
BRF:0
BRH:0
end_of_record
TN:
SF:src/event-emitter/event-emitter-service.ts
FN:6,(anonymous_2)
FN:8,(anonymous_3)
FN:12,(anonymous_4)
FNF:3
FNH:0
FNDA:0,(anonymous_2)
FNDA:0,(anonymous_3)
FNDA:0,(anonymous_4)
DA:1,9
DA:2,9
DA:5,9
DA:6,0
DA:9,0
DA:13,0
LF:6
LH:3
BRF:0
BRH:0
end_of_record
TN:
SF:src/event-emitter/event-emitter.module.ts
FNF:0
FNH:0
DA:1,2
DA:2,2
DA:8,2
LF:3
LH:3
BRF:0
BRH:0
end_of_record
TN:
SF:src/match/match.controller.ts
FN:8,(anonymous_4)
FN:11,(anonymous_5)
FNF:2
FNH:0
FNDA:0,(anonymous_4)
FNDA:0,(anonymous_5)
DA:1,2
DA:2,2
DA:7,2
DA:8,0
DA:11,2
DA:12,0
DA:13,0
DA:14,0
DA:15,0
DA:17,0
LF:10
LH:4
BRF:0
BRH:0
end_of_record
TN:
SF:src/match/match.module.ts
FNF:0
FNH:0
DA:1,1
DA:2,1
DA:3,1
DA:4,1
DA:5,1
DA:12,1
LF:6
LH:6
BRF:0
BRH:0
end_of_record
TN:
SF:src/match/match.service.ts
FN:13,(anonymous_2)
FN:18,(anonymous_3)
FNF:2
FNH:2
FNDA:2,(anonymous_2)
FNDA:1,(anonymous_3)
DA:1,3
DA:2,3
DA:3,3
DA:12,3
DA:14,2
DA:15,2
DA:19,1
LF:7
LH:7
BRF:0
BRH:0
end_of_record
TN:
SF:src/player/player.controller.ts
FN:6,(anonymous_4)
FN:9,(anonymous_5)
FNF:2
FNH:2
FNDA:3,(anonymous_4)
FNDA:2,(anonymous_5)
DA:1,4
DA:2,4
DA:5,4
DA:6,3
DA:9,4
DA:10,2
DA:11,2
DA:12,1
DA:14,1
LF:9
LH:9
BRDA:11,0,0,1
BRF:1
BRH:1
end_of_record
TN:
SF:src/player/player.module.ts
FNF:0
FNH:0
DA:1,3
DA:2,3
DA:3,3
DA:4,3
DA:13,3
LF:5
LH:5
BRF:0
BRH:0
end_of_record
TN:
SF:src/player/player.service.ts
FN:11,(anonymous_2)
FN:15,(anonymous_3)
FN:16,(anonymous_4)
FN:26,(anonymous_5)
FN:30,(anonymous_6)
FN:31,(anonymous_7)
FNF:6
FNH:6
FNDA:9,(anonymous_2)
FNDA:7,(anonymous_3)
FNDA:2,(anonymous_4)
FNDA:1,(anonymous_5)
FNDA:2,(anonymous_6)
FNDA:2,(anonymous_7)
DA:1,9
DA:2,9
DA:10,9
DA:11,9
DA:12,9
DA:16,7
DA:17,7
DA:18,6
DA:19,6
DA:20,6
DA:21,6
DA:23,1
DA:27,1
DA:31,2
LF:14
LH:14
BRDA:15,0,0,0
BRDA:17,1,0,6
BRF:2
BRH:1
end_of_record
TN:
SF:src/ranking/ranking.controller.ts
FN:10,(anonymous_2)
FN:15,(anonymous_3)
FN:20,(anonymous_4)
FN:22,(anonymous_5)
FNF:4
FNH:0
FNDA:0,(anonymous_2)
FNDA:0,(anonymous_3)
FNDA:0,(anonymous_4)
FNDA:0,(anonymous_5)
DA:1,3
DA:2,3
DA:3,3
DA:4,3
DA:9,3
DA:10,0
DA:11,0
DA:15,3
DA:16,0
DA:20,3
DA:21,0
DA:23,0
LF:12
LH:7
BRF:0
BRH:0
end_of_record
TN:
SF:src/ranking/ranking.module.ts
FNF:0
FNH:0
DA:1,2
DA:2,2
DA:3,2
DA:4,2
DA:5,2
DA:13,2
LF:6
LH:6
BRF:0
BRH:0
end_of_record
TN:
SF:src/ranking/ranking.service.ts
FN:12,(anonymous_2)
FN:16,(anonymous_3)
FN:17,(anonymous_4)
FN:20,(anonymous_5)
FN:25,(anonymous_6)
FN:32,(anonymous_7)
FN:40,(anonymous_8)
FNF:7
FNH:0
FNDA:0,(anonymous_2)
FNDA:0,(anonymous_3)
FNDA:0,(anonymous_4)
FNDA:0,(anonymous_5)
FNDA:0,(anonymous_6)
FNDA:0,(anonymous_7)
FNDA:0,(anonymous_8)
DA:1,6
DA:2,6
DA:4,6
DA:5,6
DA:8,6
DA:9,0
DA:12,0
DA:13,0
DA:17,0
DA:21,0
DA:29,0
DA:37,0
DA:41,0
DA:42,0
DA:44,0
DA:46,0
DA:47,0
DA:48,0
DA:49,0
DA:51,0
DA:56,0
DA:62,0
DA:63,0
DA:67,0
LF:24
LH:5
BRDA:44,0,0,0
BRDA:44,1,0,0
BRDA:44,1,1,0
BRDA:48,2,0,0
BRDA:48,2,1,0
BRDA:49,3,0,0
BRDA:49,3,1,0
BRF:7
BRH:0
end_of_record
